<?xml version="1.0" encoding="UTF-8"?>
<!-- Generated by org.testng.reporters.JUnitReportReporter -->
<testsuite hostname="DESKTOP-FSDGJKE" failures="0" tests="1" name="Githubp.Gitc" time="38.598" errors="0" timestamp="2024-04-01T14:41:48 IST" skipped="0">
  <testcase classname="Githubp.Gitc" name="gettext" time="38.598"/>
  <system-out/>
</testsuite> <!-- Githubp.Gitc -->
